ncnn-android-yolov8/app/build/intermediates/manifest_merge_blame_file/debug/processDebugMainManifest/manifest-merger-blame-debug-report.txt
1<?xml version="1.0" encoding="utf-8"?>
2<manifest xmlns:android="http://schemas.android.com/apk/res/android"
3    package="com.tencent.yolov8ncnn"
4    android:versionCode="1"
5    android:versionName="1.1" >
6
7    <uses-sdk
8        android:minSdkVersion="24"
9        android:targetSdkVersion="24" />
10
11    <uses-permission android:name="android.permission.CAMERA" />
11-->src\main\AndroidManifest.xml:6:5-65
11-->src\main\AndroidManifest.xml:6:22-62
12
13    <uses-feature
13-->src\main\AndroidManifest.xml:7:5-85
14        android:name="android.hardware.camera"
14-->src\main\AndroidManifest.xml:7:19-57
15        android:required="false" />
15-->src\main\AndroidManifest.xml:7:58-82
16    <uses-feature
16-->src\main\AndroidManifest.xml:8:5-89
17        android:name="android.hardware.camera.any"
17-->src\main\AndroidManifest.xml:8:19-61
18        android:required="false" />
18-->src\main\AndroidManifest.xml:8:62-86
19    <!-- <uses-feature android:name="android.hardware.camera" android:required="true" /> -->
20    <!-- <uses-feature android:name="android.hardware.camera2.full" /> -->
21    <application
21-->src\main\AndroidManifest.xml:12:5-21:19
22        android:debuggable="true"
23        android:extractNativeLibs="false"
24        android:label="@string/app_name"
24-->src\main\AndroidManifest.xml:12:18-50
25        android:testOnly="true" >
26        <activity
26-->src\main\AndroidManifest.xml:13:9-20:20
27            android:name="com.tencent.yolov8ncnn.MainActivity"
27-->src\main\AndroidManifest.xml:13:19-46
28            android:label="@string/app_name"
28-->src\main\AndroidManifest.xml:14:19-51
29            android:screenOrientation="portrait" >
29-->src\main\AndroidManifest.xml:15:19-55
30            <intent-filter>
30-->src\main\AndroidManifest.xml:16:13-19:29
31                <action android:name="android.intent.action.MAIN" />
31-->src\main\AndroidManifest.xml:17:17-69
31-->src\main\AndroidManifest.xml:17:25-66
32
33                <category android:name="android.intent.category.LAUNCHER" />
33-->src\main\AndroidManifest.xml:18:17-77
33-->src\main\AndroidManifest.xml:18:27-74
34            </intent-filter>
35        </activity>
36    </application>
37
38</manifest>